
GorillaFit: Loading watch - 22/12/2021 22:54:37
GorillaFit: Watch has been instantiated as: YurWatch(Clone) - 22/12/2021 22:54:37
GorillaFit: Parented watch to: hand.L - 22/12/2021 22:54:38
GorillaFit: Watch has been loaded - 22/12/2021 22:54:38
GorillaFit: Added the Watch component - 22/12/2021 22:54:38
GorillaFit: Shortcode: 492796 - 22/12/2021 22:54:38
GorillaFit: Loading watch - 25/12/2021 11:05:45
GorillaFit: Watch has been instantiated as: YurWatch(Clone) - 25/12/2021 11:05:45
GorillaFit: Parented watch to: hand.L - 25/12/2021 11:05:45
GorillaFit: Watch has been loaded - 25/12/2021 11:05:46
GorillaFit: Added the Watch component - 25/12/2021 11:05:46
GorillaFit: Shortcode: 441579 - 25/12/2021 11:05:46
GorillaFit: Loading watch - 25/12/2021 11:12:01
GorillaFit: Watch has been instantiated as: YurWatch(Clone) - 25/12/2021 11:12:02
GorillaFit: Parented watch to: hand.L - 25/12/2021 11:12:02
GorillaFit: Watch has been loaded - 25/12/2021 11:12:02
GorillaFit: Added the Watch component - 25/12/2021 11:12:02
GorillaFit: Shortcode: 779277 - 25/12/2021 11:12:02
GorillaFit: Loading watch - 25/12/2021 11:13:02
GorillaFit: Watch has been instantiated as: YurWatch(Clone) - 25/12/2021 11:13:02
GorillaFit: Parented watch to: hand.L - 25/12/2021 11:13:02
GorillaFit: Watch has been loaded - 25/12/2021 11:13:02
GorillaFit: Added the Watch component - 25/12/2021 11:13:02
GorillaFit: Shortcode: 125742 - 25/12/2021 11:13:03
GorillaFit: Loading watch - 25/12/2021 11:13:33
GorillaFit: Watch has been instantiated as: YurWatch(Clone) - 25/12/2021 11:13:33
GorillaFit: Parented watch to: hand.L - 25/12/2021 11:13:33
GorillaFit: Watch has been loaded - 25/12/2021 11:13:33
GorillaFit: Added the Watch component - 25/12/2021 11:13:33
GorillaFit: Shortcode: 403660 - 25/12/2021 11:13:33
GorillaFit: Loading watch - 25/12/2021 11:13:59
GorillaFit: Watch has been instantiated as: YurWatch(Clone) - 25/12/2021 11:13:59
GorillaFit: Parented watch to: hand.L - 25/12/2021 11:13:59
GorillaFit: Watch has been loaded - 25/12/2021 11:13:59
GorillaFit: Added the Watch component - 25/12/2021 11:13:59
GorillaFit: Shortcode: 894611 - 25/12/2021 11:14:00
GorillaFit: Loading watch - 25/12/2021 11:14:24
GorillaFit: Watch has been instantiated as: YurWatch(Clone) - 25/12/2021 11:14:24
GorillaFit: Parented watch to: hand.L - 25/12/2021 11:14:24
GorillaFit: Watch has been loaded - 25/12/2021 11:14:24
GorillaFit: Added the Watch component - 25/12/2021 11:14:24
GorillaFit: Shortcode: 909559 - 25/12/2021 11:14:25
GorillaFit: Loading watch - 25/12/2021 11:28:27
GorillaFit: Watch has been instantiated as: YurWatch(Clone) - 25/12/2021 11:28:27
GorillaFit: Parented watch to: hand.L - 25/12/2021 11:28:27
GorillaFit: Watch has been loaded - 25/12/2021 11:28:27
GorillaFit: Added the Watch component - 25/12/2021 11:28:27
GorillaFit: Shortcode: 550124 - 25/12/2021 11:28:28
GorillaFit: Loading watch - 25/12/2021 11:29:45
GorillaFit: Watch has been instantiated as: YurWatch(Clone) - 25/12/2021 11:29:45
GorillaFit: Parented watch to: hand.L - 25/12/2021 11:29:45
GorillaFit: Watch has been loaded - 25/12/2021 11:29:45
GorillaFit: Added the Watch component - 25/12/2021 11:29:45
GorillaFit: Shortcode: 249524 - 25/12/2021 11:29:46
GorillaFit: Loading watch - 25/12/2021 11:30:24
GorillaFit: Watch has been instantiated as: YurWatch(Clone) - 25/12/2021 11:30:24
GorillaFit: Parented watch to: hand.L - 25/12/2021 11:30:24
GorillaFit: Watch has been loaded - 25/12/2021 11:30:24
GorillaFit: Added the Watch component - 25/12/2021 11:30:24
GorillaFit: Shortcode: 432191 - 25/12/2021 11:30:25
GorillaFit: Loading watch - 25/12/2021 11:30:57
GorillaFit: Watch has been instantiated as: YurWatch(Clone) - 25/12/2021 11:30:57
GorillaFit: Parented watch to: hand.L - 25/12/2021 11:30:57
GorillaFit: Watch has been loaded - 25/12/2021 11:30:57
GorillaFit: Added the Watch component - 25/12/2021 11:30:57
GorillaFit: Shortcode: 411950 - 25/12/2021 11:30:58
GorillaFit: Loading watch - 25/12/2021 11:33:10
GorillaFit: Watch has been instantiated as: YurWatch(Clone) - 25/12/2021 11:33:11
GorillaFit: Parented watch to: hand.L - 25/12/2021 11:33:11
GorillaFit: Watch has been loaded - 25/12/2021 11:33:11
GorillaFit: Added the Watch component - 25/12/2021 11:33:11
GorillaFit: Shortcode: 107938 - 25/12/2021 11:33:11
GorillaFit: Loading watch - 25/12/2021 11:38:05
GorillaFit: Watch has been instantiated as: YurWatch(Clone) - 25/12/2021 11:38:05
GorillaFit: Parented watch to: hand.L - 25/12/2021 11:38:05
GorillaFit: Watch has been loaded - 25/12/2021 11:38:05
GorillaFit: Added the Watch component - 25/12/2021 11:38:05
GorillaFit: Shortcode: 677282 - 25/12/2021 11:38:06
GorillaFit: Loading watch - 25/12/2021 11:38:41
GorillaFit: Watch has been instantiated as: YurWatch(Clone) - 25/12/2021 11:38:41
GorillaFit: Parented watch to: hand.L - 25/12/2021 11:38:41
GorillaFit: Watch has been loaded - 25/12/2021 11:38:41
GorillaFit: Added the Watch component - 25/12/2021 11:38:41
GorillaFit: Shortcode: 328136 - 25/12/2021 11:38:41
GorillaFit: Loading watch - 25/12/2021 11:43:41
GorillaFit: Watch has been instantiated as: YurWatch(Clone) - 25/12/2021 11:43:41
GorillaFit: Parented watch to: hand.L - 25/12/2021 11:43:41
GorillaFit: Watch has been loaded - 25/12/2021 11:43:41
GorillaFit: Added the Watch component - 25/12/2021 11:43:41
GorillaFit: Loading watch - 25/12/2021 11:48:45
GorillaFit: Watch has been instantiated as: YurWatch(Clone) - 25/12/2021 11:48:45
GorillaFit: Parented watch to: hand.L - 25/12/2021 11:48:45
GorillaFit: Watch has been loaded - 25/12/2021 11:48:45
GorillaFit: Added the Watch component - 25/12/2021 11:48:45
GorillaFit: Loading watch - 25/12/2021 11:55:38
GorillaFit: Watch has been instantiated as: YurWatch(Clone) - 25/12/2021 11:55:38
GorillaFit: Parented watch to: hand.L - 25/12/2021 11:55:38
GorillaFit: Watch has been loaded - 25/12/2021 11:55:38
GorillaFit: Added the Watch component - 25/12/2021 11:55:38
GorillaFit: Shortcode: 947162 - 25/12/2021 11:55:39
GorillaFit: Loading watch - 25/12/2021 11:58:45
GorillaFit: Watch has been instantiated as: YurWatch(Clone) - 25/12/2021 11:58:45
GorillaFit: Parented watch to: hand.L - 25/12/2021 11:58:45
GorillaFit: Watch has been loaded - 25/12/2021 11:58:45
GorillaFit: Added the Watch component - 25/12/2021 11:58:45
GorillaFit: Shortcode: 479379 - 25/12/2021 11:58:46
GorillaFit: Loading watch - 25/12/2021 12:08:55
GorillaFit: Watch has been instantiated as: YurWatch(Clone) - 25/12/2021 12:08:55
GorillaFit: Parented watch to: hand.L - 25/12/2021 12:08:55
GorillaFit: Watch has been loaded - 25/12/2021 12:08:56
GorillaFit: Added the Watch component - 25/12/2021 12:08:56
GorillaFit: Shortcode: 844685 - 25/12/2021 12:08:56
GorillaFit: Loading watch - 25/12/2021 12:14:25
GorillaFit: Watch has been instantiated as: YurWatch(Clone) - 25/12/2021 12:14:25
GorillaFit: Parented watch to: hand.L - 25/12/2021 12:14:25
GorillaFit: Watch has been loaded - 25/12/2021 12:14:26
GorillaFit: Added the Watch component - 25/12/2021 12:14:26
GorillaFit: Shortcode: 178888 - 25/12/2021 12:14:27
GorillaFit: Loading watch - 25/12/2021 12:16:50
GorillaFit: Watch has been instantiated as: YurWatch(Clone) - 25/12/2021 12:16:50
GorillaFit: Parented watch to: hand.L - 25/12/2021 12:16:50
GorillaFit: Watch has been loaded - 25/12/2021 12:16:50
GorillaFit: Added the Watch component - 25/12/2021 12:16:50
GorillaFit: Shortcode: 541381 - 25/12/2021 12:16:51
GorillaFit: Loading watch - 25/12/2021 12:20:14
GorillaFit: Watch has been instantiated as: YurWatch(Clone) - 25/12/2021 12:20:14
GorillaFit: Parented watch to: hand.L - 25/12/2021 12:20:14
GorillaFit: Watch has been loaded - 25/12/2021 12:20:14
GorillaFit: Added the Watch component - 25/12/2021 12:20:14
GorillaFit: Shortcode: 499982 - 25/12/2021 12:20:15
GorillaFit: Loading watch - 25/12/2021 15:30:58
GorillaFit: Watch has been instantiated as: YurWatch(Clone) - 25/12/2021 15:30:58
GorillaFit: Parented watch to: hand.L - 25/12/2021 15:30:58
GorillaFit: Watch has been loaded - 25/12/2021 15:30:58
GorillaFit: Added the Watch component - 25/12/2021 15:30:58
GorillaFit: Shortcode: 851192 - 25/12/2021 15:30:59
GorillaFit: Logged in - 25/12/2021 15:34:57
GorillaFit: Loading watch - 25/12/2021 15:39:49
GorillaFit: Watch has been instantiated as: YurWatch(Clone) - 25/12/2021 15:39:50
GorillaFit: Parented watch to: hand.L - 25/12/2021 15:39:50
GorillaFit: Watch has been loaded - 25/12/2021 15:39:50
GorillaFit: Added the Watch component - 25/12/2021 15:39:50
GorillaFit: Shortcode: 772296 - 25/12/2021 15:39:50
GorillaFit: Loading watch - 25/12/2021 16:03:28
GorillaFit: Watch has been instantiated as: YurWatch(Clone) - 25/12/2021 16:03:28
GorillaFit: Parented watch to: hand.L - 25/12/2021 16:03:28
GorillaFit: Watch has been loaded - 25/12/2021 16:03:28
GorillaFit: Added the Watch component - 25/12/2021 16:03:28
GorillaFit: Shortcode: 297393 - 25/12/2021 16:03:29
GorillaFit: Loading watch - 25/12/2021 16:13:36
GorillaFit: Watch has been instantiated as: YurWatch(Clone) - 25/12/2021 16:13:36
GorillaFit: Parented watch to: hand.L - 25/12/2021 16:13:36
GorillaFit: Watch has been loaded - 25/12/2021 16:13:36
GorillaFit: Added the Watch component - 25/12/2021 16:13:36
GorillaFit: Shortcode: 746260 - 25/12/2021 16:13:36
GorillaFit: Loading watch - 25/12/2021 16:14:18
GorillaFit: Watch has been instantiated as: YurWatch(Clone) - 25/12/2021 16:14:18
GorillaFit: Parented watch to: hand.L - 25/12/2021 16:14:18
GorillaFit: Watch has been loaded - 25/12/2021 16:14:19
GorillaFit: Added the Watch component - 25/12/2021 16:14:19
GorillaFit: Shortcode: 554794 - 25/12/2021 16:14:19
GorillaFit: Loading watch - 25/12/2021 16:15:59
GorillaFit: Watch has been instantiated as: YurWatch(Clone) - 25/12/2021 16:15:59
GorillaFit: Parented watch to: hand.L - 25/12/2021 16:15:59
GorillaFit: Watch has been loaded - 25/12/2021 16:15:59
GorillaFit: Added the Watch component - 25/12/2021 16:15:59
GorillaFit: Shortcode: 740084 - 25/12/2021 16:16:00
GorillaFit: Loading watch - 25/12/2021 16:18:11
GorillaFit: Watch has been instantiated as: YurWatch(Clone) - 25/12/2021 16:18:12
GorillaFit: Parented watch to: hand.L - 25/12/2021 16:18:12
GorillaFit: Watch has been loaded - 25/12/2021 16:18:12
GorillaFit: Added the Watch component - 25/12/2021 16:18:12
GorillaFit: Shortcode: 667209 - 25/12/2021 16:18:12
GorillaFit: Loading watch - 25/12/2021 16:21:43
GorillaFit: Watch has been instantiated as: YurWatch(Clone) - 25/12/2021 16:21:43
GorillaFit: Parented watch to: hand.L - 25/12/2021 16:21:43
GorillaFit: Watch has been loaded - 25/12/2021 16:21:43
GorillaFit: Added the Watch component - 25/12/2021 16:21:43
GorillaFit: Shortcode: 531368 - 25/12/2021 16:21:43
GorillaFit: Loading watch - 25/12/2021 16:41:11
GorillaFit: Watch has been instantiated as: YurWatch(Clone) - 25/12/2021 16:41:11
GorillaFit: Parented watch to: hand.L - 25/12/2021 16:41:11
GorillaFit: Watch has been loaded - 25/12/2021 16:41:12
GorillaFit: Added the Watch component - 25/12/2021 16:41:12
GorillaFit: Shortcode: 627826 - 25/12/2021 16:41:12
GorillaFit: Loading watch - 25/12/2021 16:49:20
GorillaFit: Watch has been instantiated as: YurWatch(Clone) - 25/12/2021 16:49:20
GorillaFit: Parented watch to: hand.L - 25/12/2021 16:49:20
GorillaFit: Watch has been loaded - 25/12/2021 16:49:20
GorillaFit: Added the Watch component - 25/12/2021 16:49:20
GorillaFit: Shortcode: 929892 - 25/12/2021 16:49:21
GorillaFit: Loading watch - 25/12/2021 16:55:54
GorillaFit: Watch has been instantiated as: YurWatch(Clone) - 25/12/2021 16:55:54
GorillaFit: Parented watch to: hand.L - 25/12/2021 16:55:54
GorillaFit: Watch has been loaded - 25/12/2021 16:55:54
GorillaFit: Added the Watch component - 25/12/2021 16:55:54
GorillaFit: Loading watch - 26/12/2021 11:40:56
GorillaFit: Watch has been instantiated as: YurWatch(Clone) - 26/12/2021 11:40:56
GorillaFit: Parented watch to: hand.L - 26/12/2021 11:40:56
GorillaFit: Watch has been loaded - 26/12/2021 11:40:56
GorillaFit: Added the Watch component - 26/12/2021 11:40:56
GorillaFit: Shortcode: 367452 - 26/12/2021 11:40:57
GorillaFit: Loading watch - 26/12/2021 11:52:03
GorillaFit: Watch has been instantiated as: YurWatch(Clone) - 26/12/2021 11:52:03
GorillaFit: Parented watch to: hand.L - 26/12/2021 11:52:03
GorillaFit: Watch has been loaded - 26/12/2021 11:52:03
GorillaFit: Added the Watch component - 26/12/2021 11:52:03
GorillaFit: Shortcode: 904305 - 26/12/2021 11:52:03
GorillaFit: Loading watch - 26/12/2021 12:07:20
GorillaFit: Watch has been instantiated as: YurWatch(Clone) - 26/12/2021 12:07:20
GorillaFit: Parented watch to: hand.L - 26/12/2021 12:07:20
GorillaFit: Watch has been loaded - 26/12/2021 12:07:20
GorillaFit: Added the Watch component - 26/12/2021 12:07:20
GorillaFit: Loading watch - 26/12/2021 12:09:47
GorillaFit: Watch has been instantiated as: YurWatch(Clone) - 26/12/2021 12:09:47
GorillaFit: Parented watch to: hand.L - 26/12/2021 12:09:47
GorillaFit: Watch has been loaded - 26/12/2021 12:09:47
GorillaFit: Added the Watch component - 26/12/2021 12:09:47
GorillaFit: Shortcode: 127155 - 26/12/2021 12:09:48
GorillaFit: Loading watch - 26/12/2021 12:30:35
GorillaFit: Watch has been instantiated as: YurWatch(Clone) - 26/12/2021 12:30:35
GorillaFit: Parented watch to: hand.L - 26/12/2021 12:30:35
GorillaFit: Watch has been loaded - 26/12/2021 12:30:36
GorillaFit: Added the Watch component - 26/12/2021 12:30:36
GorillaFit: Shortcode: 827240 - 26/12/2021 12:30:36
GorillaFit: Loading watch - 26/12/2021 12:34:52
GorillaFit: Watch has been instantiated as: YurWatch(Clone) - 26/12/2021 12:34:52
GorillaFit: Parented watch to: hand.L - 26/12/2021 12:34:52
GorillaFit: Watch has been loaded - 26/12/2021 12:34:52
GorillaFit: Added the Watch component - 26/12/2021 12:34:52
GorillaFit: Shortcode: 153937 - 26/12/2021 12:34:52
GorillaFit: Loading watch - 26/12/2021 12:43:30
GorillaFit: Watch has been instantiated as: YurWatch(Clone) - 26/12/2021 12:43:30
GorillaFit: Parented watch to: hand.L - 26/12/2021 12:43:30
GorillaFit: Watch has been loaded - 26/12/2021 12:43:30
GorillaFit: Added the Watch component - 26/12/2021 12:43:30
GorillaFit: Shortcode: 524807 - 26/12/2021 12:43:30
GorillaFit: Loading watch - 26/12/2021 12:49:36
GorillaFit: Watch has been instantiated as: YurWatch(Clone) - 26/12/2021 12:49:36
GorillaFit: Parented watch to: hand.L - 26/12/2021 12:49:36
GorillaFit: Watch has been loaded - 26/12/2021 12:49:36
GorillaFit: Added the Watch component - 26/12/2021 12:49:36
GorillaFit: Shortcode: 299665 - 26/12/2021 12:49:36
GorillaFit: Loading watch - 26/12/2021 12:51:12
GorillaFit: Watch has been instantiated as: YurWatch(Clone) - 26/12/2021 12:51:13
GorillaFit: Parented watch to: hand.L - 26/12/2021 12:51:13
GorillaFit: Watch has been loaded - 26/12/2021 12:51:13
GorillaFit: Added the Watch component - 26/12/2021 12:51:13
GorillaFit: Shortcode: 379378 - 26/12/2021 12:51:13
GorillaFit: Loading watch - 26/12/2021 14:19:17
GorillaFit: Watch has been instantiated as: YurWatch(Clone) - 26/12/2021 14:19:17
GorillaFit: Parented watch to: hand.L - 26/12/2021 14:19:17
GorillaFit: Watch has been loaded - 26/12/2021 14:19:17
GorillaFit: Added the Watch component - 26/12/2021 14:19:17
GorillaFit: Loading watch - 26/12/2021 14:23:15
GorillaFit: Watch has been instantiated as: YurWatch(Clone) - 26/12/2021 14:23:16
GorillaFit: Parented watch to: hand.L - 26/12/2021 14:23:16
GorillaFit: Watch has been loaded - 26/12/2021 14:23:16
GorillaFit: Added the Watch component - 26/12/2021 14:23:16
GorillaFit: Shortcode: 528041 - 26/12/2021 14:23:16
GorillaFit: Loading watch - 26/12/2021 14:24:55
GorillaFit: Watch has been instantiated as: YurWatch(Clone) - 26/12/2021 14:24:55
GorillaFit: Parented watch to: hand.L - 26/12/2021 14:24:55
GorillaFit: Watch has been loaded - 26/12/2021 14:24:56
GorillaFit: Added the Watch component - 26/12/2021 14:24:56
GorillaFit: Shortcode: 256971 - 26/12/2021 14:24:56
GorillaFit: Loading watch - 26/12/2021 14:27:33
GorillaFit: Watch has been instantiated as: YurWatch(Clone) - 26/12/2021 14:27:34
GorillaFit: Parented watch to: hand.L - 26/12/2021 14:27:34
GorillaFit: Watch has been loaded - 26/12/2021 14:27:34
GorillaFit: Added the Watch component - 26/12/2021 14:27:34
GorillaFit: Shortcode: 560735 - 26/12/2021 14:27:34
GorillaFit: Loading watch - 26/12/2021 14:36:41
GorillaFit: Watch has been instantiated as: YurWatch(Clone) - 26/12/2021 14:36:42
GorillaFit: Parented watch to: hand.L - 26/12/2021 14:36:42
GorillaFit: Watch has been loaded - 26/12/2021 14:36:42
GorillaFit: Added the Watch component - 26/12/2021 14:36:42
GorillaFit: Shortcode: 837026 - 26/12/2021 14:36:42
GorillaFit: Loading watch - 26/12/2021 14:58:44
GorillaFit: Watch has been instantiated as: YurWatch(Clone) - 26/12/2021 14:58:44
GorillaFit: Parented watch to: hand.L - 26/12/2021 14:58:44
GorillaFit: Watch has been loaded - 26/12/2021 14:58:44
GorillaFit: Added the Watch component - 26/12/2021 14:58:44
GorillaFit: Shortcode: 295123 - 26/12/2021 14:58:45
GorillaFit: Loading watch - 26/12/2021 16:17:21
GorillaFit: Watch has been instantiated as: YurWatch(Clone) - 26/12/2021 16:17:21
GorillaFit: Parented watch to: hand.L - 26/12/2021 16:17:21
GorillaFit: Watch has been loaded - 26/12/2021 16:17:21
GorillaFit: Added the Watch component - 26/12/2021 16:17:21
GorillaFit: Shortcode: 673306 - 26/12/2021 16:17:22
GorillaFit: Loading watch - 26/12/2021 16:21:55
GorillaFit: Watch has been instantiated as: YurWatch(Clone) - 26/12/2021 16:21:56
GorillaFit: Parented watch to: hand.L - 26/12/2021 16:21:56
GorillaFit: Watch has been loaded - 26/12/2021 16:21:56
GorillaFit: Added the Watch component - 26/12/2021 16:21:56
GorillaFit: Loading watch - 26/12/2021 16:27:10
GorillaFit: Watch has been instantiated as: YurWatch(Clone) - 26/12/2021 16:27:10
GorillaFit: Parented watch to: hand.L - 26/12/2021 16:27:10
GorillaFit: Watch has been loaded - 26/12/2021 16:27:10
GorillaFit: Added the Watch component - 26/12/2021 16:27:10
GorillaFit: Shortcode: 393763 - 26/12/2021 16:27:11
GorillaFit: Loading watch - 26/12/2021 18:28:16
GorillaFit: Watch has been instantiated as: YurWatch(Clone) - 26/12/2021 18:28:16
GorillaFit: Parented watch to: hand.L - 26/12/2021 18:28:16
GorillaFit: Watch has been loaded - 26/12/2021 18:28:16
GorillaFit: Added the Watch component - 26/12/2021 18:28:16
GorillaFit: Shortcode: 301832 - 26/12/2021 18:28:17
GorillaFit: Login failed, please try again - 26/12/2021 18:58:20
GorillaFit: Loading watch - 26/12/2021 19:07:56
GorillaFit: Watch has been instantiated as: YurWatch(Clone) - 26/12/2021 19:07:56
GorillaFit: Parented watch to: hand.L - 26/12/2021 19:07:56
GorillaFit: Watch has been loaded - 26/12/2021 19:07:56
GorillaFit: Added the Watch component - 26/12/2021 19:07:56
GorillaFit: Loading watch - 26/12/2021 19:15:08
GorillaFit: Watch has been instantiated as: YurWatch(Clone) - 26/12/2021 19:15:08
GorillaFit: Parented watch to: hand.L - 26/12/2021 19:15:08
GorillaFit: Watch has been loaded - 26/12/2021 19:15:09
GorillaFit: Added the Watch component - 26/12/2021 19:15:09
GorillaFit: Shortcode: 295009 - 26/12/2021 19:15:09
GorillaFit: Loading watch - 26/12/2021 19:18:30
GorillaFit: Watch has been instantiated as: YurWatch(Clone) - 26/12/2021 19:18:31
GorillaFit: Parented watch to: hand.L - 26/12/2021 19:18:31
GorillaFit: Watch has been loaded - 26/12/2021 19:18:31
GorillaFit: Added the Watch component - 26/12/2021 19:18:31
GorillaFit: Shortcode: 901309 - 26/12/2021 19:18:31
GorillaFit: Loading watch - 26/12/2021 19:21:50
GorillaFit: Watch has been instantiated as: YurWatch(Clone) - 26/12/2021 19:21:50
GorillaFit: Parented watch to: hand.L - 26/12/2021 19:21:50
GorillaFit: Watch has been loaded - 26/12/2021 19:21:50
GorillaFit: Added the Watch component - 26/12/2021 19:21:50
GorillaFit: Shortcode: 228595 - 26/12/2021 19:21:51
GorillaFit: Loading watch - 26/12/2021 19:27:07
GorillaFit: Watch has been instantiated as: YurWatch(Clone) - 26/12/2021 19:27:07
GorillaFit: Parented watch to: hand.L - 26/12/2021 19:27:07
GorillaFit: Watch has been loaded - 26/12/2021 19:27:07
GorillaFit: Added the Watch component - 26/12/2021 19:27:07
GorillaFit: Shortcode: 259799 - 26/12/2021 19:27:15
GorillaFit: Loading watch - 27/12/2021 18:27:53
GorillaFit: Watch has been instantiated as: YurWatch(Clone) - 27/12/2021 18:27:53
GorillaFit: Parented watch to: hand.L - 27/12/2021 18:27:53
GorillaFit: Watch has been loaded - 27/12/2021 18:27:53
GorillaFit: Added the Watch component - 27/12/2021 18:27:53
GorillaFit: Shortcode: 959888 - 27/12/2021 18:27:54
GorillaFit: Loading watch - 27/12/2021 21:17:37
GorillaFit: Watch has been instantiated as: YurWatch(Clone) - 27/12/2021 21:17:37
GorillaFit: Parented watch to: hand.L - 27/12/2021 21:17:37
GorillaFit: Watch has been loaded - 27/12/2021 21:17:37
GorillaFit: Added the Watch component - 27/12/2021 21:17:37
GorillaFit: Shortcode: 133779 - 27/12/2021 21:17:38
GorillaFit: Loading watch - 27/12/2021 21:19:19
GorillaFit: Watch has been instantiated as: YurWatch(Clone) - 27/12/2021 21:19:19
GorillaFit: Parented watch to: hand.L - 27/12/2021 21:19:19
GorillaFit: Watch has been loaded - 27/12/2021 21:19:19
GorillaFit: Added the Watch component - 27/12/2021 21:19:20
GorillaFit: Shortcode: 346654 - 27/12/2021 21:19:20
GorillaFit: Loading watch - 27/12/2021 21:34:20
GorillaFit: Watch has been instantiated as: YurWatch(Clone) - 27/12/2021 21:34:20
GorillaFit: Parented watch to: hand.L - 27/12/2021 21:34:20
GorillaFit: Watch has been loaded - 27/12/2021 21:34:20
GorillaFit: Added the Watch component - 27/12/2021 21:34:20
GorillaFit: Shortcode: 491121 - 27/12/2021 21:34:21
GorillaFit: Loading watch - 27/12/2021 21:41:31
GorillaFit: Watch has been instantiated as: YurWatch(Clone) - 27/12/2021 21:41:31
GorillaFit: Parented watch to: hand.L - 27/12/2021 21:41:31
GorillaFit: Watch has been loaded - 27/12/2021 21:41:31
GorillaFit: Added the Watch component - 27/12/2021 21:41:31
GorillaFit: Shortcode: 740101 - 27/12/2021 21:41:32
GorillaFit: Login failed, please try again - 27/12/2021 22:11:38
GorillaFit: Loading watch - 27/12/2021 22:22:34
GorillaFit: Watch has been instantiated as: YurWatch(Clone) - 27/12/2021 22:22:34
GorillaFit: Parented watch to: hand.L - 27/12/2021 22:22:34
GorillaFit: Watch has been loaded - 27/12/2021 22:22:34
GorillaFit: Added the Watch component - 27/12/2021 22:22:34
GorillaFit: Shortcode: 511900 - 27/12/2021 22:22:35
GorillaFit: Loading watch - 27/12/2021 22:27:13
GorillaFit: Watch has been instantiated as: YurWatch(Clone) - 27/12/2021 22:27:13
GorillaFit: Parented watch to: hand.L - 27/12/2021 22:27:13
GorillaFit: Watch has been loaded - 27/12/2021 22:27:13
GorillaFit: Added the Watch component - 27/12/2021 22:27:13
GorillaFit: Shortcode: 756771 - 27/12/2021 22:27:13
GorillaFit: Loading watch - 27/12/2021 22:32:03
GorillaFit: Watch has been instantiated as: YurWatch(Clone) - 27/12/2021 22:32:03
GorillaFit: Parented watch to: hand.L - 27/12/2021 22:32:03
GorillaFit: Watch has been loaded - 27/12/2021 22:32:03
GorillaFit: Added the Watch component - 27/12/2021 22:32:03
GorillaFit: Shortcode: 287675 - 27/12/2021 22:32:04
GorillaFit: Loading watch - 27/12/2021 22:37:10
GorillaFit: Watch has been instantiated as: YurWatch(Clone) - 27/12/2021 22:37:10
GorillaFit: Parented watch to: hand.L - 27/12/2021 22:37:10
GorillaFit: Watch has been loaded - 27/12/2021 22:37:10
GorillaFit: Added the Watch component - 27/12/2021 22:37:10
GorillaFit: Shortcode: 158444 - 27/12/2021 22:37:10
GorillaFit: Loading watch - 27/12/2021 22:38:38
GorillaFit: Watch has been instantiated as: YurWatch(Clone) - 27/12/2021 22:38:38
GorillaFit: Parented watch to: hand.L - 27/12/2021 22:38:38
GorillaFit: Watch has been loaded - 27/12/2021 22:38:38
GorillaFit: Added the Watch component - 27/12/2021 22:38:38
GorillaFit: Shortcode: 698747 - 27/12/2021 22:38:39
GorillaFit: Loading watch - 27/12/2021 22:45:02
GorillaFit: Watch has been instantiated as: YurWatch(Clone) - 27/12/2021 22:45:02
GorillaFit: Parented watch to: hand.L - 27/12/2021 22:45:02
GorillaFit: Watch has been loaded - 27/12/2021 22:45:02
GorillaFit: Added the Watch component - 27/12/2021 22:45:02
GorillaFit: Shortcode: 366101 - 27/12/2021 22:45:02
GorillaFit: Login failed, please try again - 27/12/2021 23:15:03
GorillaFit: Loading watch - 28/12/2021 00:19:45
GorillaFit: Watch has been instantiated as: YurWatch(Clone) - 28/12/2021 00:19:45
GorillaFit: Parented watch to: hand.L - 28/12/2021 00:19:45
GorillaFit: Watch has been loaded - 28/12/2021 00:19:45
GorillaFit: Added the Watch component - 28/12/2021 00:19:45
GorillaFit: Shortcode: 941568 - 28/12/2021 00:19:45
GorillaFit: Loading watch - 28/12/2021 00:20:15
GorillaFit: Watch has been instantiated as: YurWatch(Clone) - 28/12/2021 00:20:15
GorillaFit: Parented watch to: hand.L - 28/12/2021 00:20:15
GorillaFit: Watch has been loaded - 28/12/2021 00:20:15
GorillaFit: Added the Watch component - 28/12/2021 00:20:15
GorillaFit: Shortcode: 975354 - 28/12/2021 00:20:16
GorillaFit: Login failed, please try again - 28/12/2021 00:50:23
GorillaFit: Loading watch - 28/12/2021 00:54:04
GorillaFit: Watch has been instantiated as: YurWatch(Clone) - 28/12/2021 00:54:04
GorillaFit: Parented watch to: hand.L - 28/12/2021 00:54:04
GorillaFit: Watch has been loaded - 28/12/2021 00:54:04
GorillaFit: Added the Watch component - 28/12/2021 00:54:04
GorillaFit: Shortcode: 878540 - 28/12/2021 00:54:04
GorillaFit: Loading watch - 28/12/2021 01:19:43
GorillaFit: Watch has been instantiated as: YurWatch(Clone) - 28/12/2021 01:19:43
GorillaFit: Parented watch to: hand.L - 28/12/2021 01:19:43
GorillaFit: Watch has been loaded - 28/12/2021 01:19:43
GorillaFit: Added the Watch component - 28/12/2021 01:19:43
GorillaFit: Shortcode: 379113 - 28/12/2021 01:19:44
GorillaFit: Loading watch - 28/12/2021 01:21:08
GorillaFit: Watch has been instantiated as: YurWatch(Clone) - 28/12/2021 01:21:08
GorillaFit: Parented watch to: hand.L - 28/12/2021 01:21:08
GorillaFit: Watch has been loaded - 28/12/2021 01:21:08
GorillaFit: Added the Watch component - 28/12/2021 01:21:08
GorillaFit: Shortcode: 247810 - 28/12/2021 01:21:09
GorillaFit: Loading watch - 28/12/2021 01:22:04
GorillaFit: Watch has been instantiated as: YurWatch(Clone) - 28/12/2021 01:22:04
GorillaFit: Parented watch to: hand.L - 28/12/2021 01:22:04
GorillaFit: Watch has been loaded - 28/12/2021 01:22:04
GorillaFit: Added the Watch component - 28/12/2021 01:22:04
GorillaFit: Shortcode: 803162 - 28/12/2021 01:22:05
GorillaFit: Loading watch - 28/12/2021 01:24:48
GorillaFit: Watch has been instantiated as: YurWatch(Clone) - 28/12/2021 01:24:48
GorillaFit: Parented watch to: hand.L - 28/12/2021 01:24:48
GorillaFit: Watch has been loaded - 28/12/2021 01:24:48
GorillaFit: Added the Watch component - 28/12/2021 01:24:48
GorillaFit: Shortcode: 614907 - 28/12/2021 01:24:48
GorillaFit: Loading watch - 28/12/2021 01:32:52
GorillaFit: Watch has been instantiated as: YurWatch(Clone) - 28/12/2021 01:32:52
GorillaFit: Parented watch to: hand.L - 28/12/2021 01:32:52
GorillaFit: Watch has been loaded - 28/12/2021 01:32:52
GorillaFit: Added the Watch component - 28/12/2021 01:32:52
GorillaFit: Shortcode: 828212 - 28/12/2021 01:32:53
GorillaFit: Loading watch - 28/12/2021 01:40:19
GorillaFit: Watch has been instantiated as: YurWatch(Clone) - 28/12/2021 01:40:19
GorillaFit: Parented watch to: hand.L - 28/12/2021 01:40:19
GorillaFit: Watch has been loaded - 28/12/2021 01:40:19
GorillaFit: Added the Watch component - 28/12/2021 01:40:19
GorillaFit: Shortcode: 644957 - 28/12/2021 01:40:20
GorillaFit: Loading watch - 28/12/2021 02:02:41
GorillaFit: Watch has been instantiated as: YurWatch(Clone) - 28/12/2021 02:02:41
GorillaFit: Parented watch to: hand.L - 28/12/2021 02:02:41
GorillaFit: Watch has been loaded - 28/12/2021 02:02:41
GorillaFit: Added the Watch component - 28/12/2021 02:02:41
GorillaFit: Shortcode: 412982 - 28/12/2021 02:02:42
GorillaFit: Login failed, please try again - 28/12/2021 02:32:44
GorillaFit: Loading watch - 28/12/2021 03:11:48
GorillaFit: Watch has been instantiated as: YurWatch(Clone) - 28/12/2021 03:11:48
GorillaFit: Parented watch to: hand.L - 28/12/2021 03:11:48
GorillaFit: Watch has been loaded - 28/12/2021 03:11:48
GorillaFit: Added the Watch component - 28/12/2021 03:11:48
GorillaFit: Shortcode: 379466 - 28/12/2021 03:11:48
GorillaFit: Loading watch - 28/12/2021 03:24:38
GorillaFit: Watch has been instantiated as: YurWatch(Clone) - 28/12/2021 03:24:38
GorillaFit: Parented watch to: hand.L - 28/12/2021 03:24:38
GorillaFit: Watch has been loaded - 28/12/2021 03:24:38
GorillaFit: Added the Watch component - 28/12/2021 03:24:38
GorillaFit: Shortcode: 173488 - 28/12/2021 03:24:39
GorillaFit: Login failed, please try again - 28/12/2021 03:54:47
GorillaFit: Loading watch - 28/12/2021 17:16:00
GorillaFit: Watch has been instantiated as: YurWatch(Clone) - 28/12/2021 17:16:00
GorillaFit: Parented watch to: hand.L - 28/12/2021 17:16:00
GorillaFit: Watch has been loaded - 28/12/2021 17:16:00
GorillaFit: Added the Watch component - 28/12/2021 17:16:00
GorillaFit: Shortcode: 648769 - 28/12/2021 17:16:00
GorillaFit: Loading watch - 28/12/2021 17:21:09
GorillaFit: Watch has been instantiated as: YurWatch(Clone) - 28/12/2021 17:21:09
GorillaFit: Parented watch to: hand.L - 28/12/2021 17:21:09
GorillaFit: Watch has been loaded - 28/12/2021 17:21:10
GorillaFit: Added the Watch component - 28/12/2021 17:21:10
GorillaFit: Shortcode: 149128 - 28/12/2021 17:21:10
GorillaFit: Login failed, please try again - 28/12/2021 17:51:19
GorillaFit: Loading watch - 28/12/2021 18:42:14
GorillaFit: Watch has been instantiated as: YurWatch(Clone) - 28/12/2021 18:42:14
GorillaFit: Parented watch to: hand.L - 28/12/2021 18:42:14
GorillaFit: Watch has been loaded - 28/12/2021 18:42:14
GorillaFit: Added the Watch component - 28/12/2021 18:42:14
GorillaFit: Shortcode: 481431 - 28/12/2021 18:42:15
GorillaFit: Loading watch - 28/12/2021 18:46:00
GorillaFit: Watch has been instantiated as: YurWatch(Clone) - 28/12/2021 18:46:00
GorillaFit: Parented watch to: hand.L - 28/12/2021 18:46:00
GorillaFit: Watch has been loaded - 28/12/2021 18:46:00
GorillaFit: Added the Watch component - 28/12/2021 18:46:00
GorillaFit: Shortcode: 111241 - 28/12/2021 18:46:00
GorillaFit: Loading watch - 28/12/2021 18:49:52
GorillaFit: Watch has been instantiated as: YurWatch(Clone) - 28/12/2021 18:49:52
GorillaFit: Parented watch to: hand.L - 28/12/2021 18:49:52
GorillaFit: Watch has been loaded - 28/12/2021 18:49:52
GorillaFit: Added the Watch component - 28/12/2021 18:49:52
GorillaFit: Shortcode: 557235 - 28/12/2021 18:49:53
GorillaFit: Loading watch - 28/12/2021 18:51:09
GorillaFit: Watch has been instantiated as: YurWatch(Clone) - 28/12/2021 18:51:09
GorillaFit: Parented watch to: hand.L - 28/12/2021 18:51:09
GorillaFit: Watch has been loaded - 28/12/2021 18:51:09
GorillaFit: Added the Watch component - 28/12/2021 18:51:09
GorillaFit: Shortcode: 645266 - 28/12/2021 18:51:10
GorillaFit: Loading watch - 28/12/2021 19:01:30
GorillaFit: Watch has been instantiated as: YurWatch(Clone) - 28/12/2021 19:01:30
GorillaFit: Parented watch to: hand.L - 28/12/2021 19:01:30
GorillaFit: Watch has been loaded - 28/12/2021 19:01:30
GorillaFit: Added the Watch component - 28/12/2021 19:01:30
GorillaFit: Shortcode: 250588 - 28/12/2021 19:01:31
GorillaFit: Login failed, please try again - 28/12/2021 19:31:35
GorillaFit: Loading watch - 28/12/2021 20:43:31
GorillaFit: Watch has been instantiated as: YurWatch(Clone) - 28/12/2021 20:43:31
GorillaFit: Parented watch to: hand.L - 28/12/2021 20:43:31
GorillaFit: Watch has been loaded - 28/12/2021 20:43:32
GorillaFit: Added the Watch component - 28/12/2021 20:43:32
GorillaFit: Shortcode: 945926 - 28/12/2021 20:43:32
GorillaFit: Loading watch - 28/12/2021 20:45:49
GorillaFit: Watch has been instantiated as: YurWatch(Clone) - 28/12/2021 20:45:49
GorillaFit: Parented watch to: hand.L - 28/12/2021 20:45:49
GorillaFit: Watch has been loaded - 28/12/2021 20:45:49
GorillaFit: Added the Watch component - 28/12/2021 20:45:49
GorillaFit: Shortcode: 883006 - 28/12/2021 20:45:50
GorillaFit: Loading watch - 28/12/2021 20:56:37
GorillaFit: Watch has been instantiated as: YurWatch(Clone) - 28/12/2021 20:56:37
GorillaFit: Parented watch to: hand.L - 28/12/2021 20:56:37
GorillaFit: Watch has been loaded - 28/12/2021 20:56:37
GorillaFit: Added the Watch component - 28/12/2021 20:56:37
GorillaFit: Shortcode: 338489 - 28/12/2021 20:56:38
GorillaFit: Loading watch - 28/12/2021 21:00:24
GorillaFit: Watch has been instantiated as: YurWatch(Clone) - 28/12/2021 21:00:24
GorillaFit: Parented watch to: hand.L - 28/12/2021 21:00:24
GorillaFit: Watch has been loaded - 28/12/2021 21:00:24
GorillaFit: Added the Watch component - 28/12/2021 21:00:24
GorillaFit: Shortcode: 855895 - 28/12/2021 21:00:25
GorillaFit: Loading watch - 28/12/2021 21:02:00
GorillaFit: Watch has been instantiated as: YurWatch(Clone) - 28/12/2021 21:02:00
GorillaFit: Parented watch to: hand.L - 28/12/2021 21:02:00
GorillaFit: Watch has been loaded - 28/12/2021 21:02:00
GorillaFit: Added the Watch component - 28/12/2021 21:02:00
GorillaFit: Shortcode: 999380 - 28/12/2021 21:02:01
GorillaFit: Loading watch - 28/12/2021 21:07:02
GorillaFit: Watch has been instantiated as: YurWatch(Clone) - 28/12/2021 21:07:02
GorillaFit: Parented watch to: hand.L - 28/12/2021 21:07:02
GorillaFit: Watch has been loaded - 28/12/2021 21:07:02
GorillaFit: Added the Watch component - 28/12/2021 21:07:02
GorillaFit: Shortcode: 355624 - 28/12/2021 21:07:03
GorillaFit: Loading watch - 28/12/2021 21:20:48
GorillaFit: Watch has been instantiated as: YurWatch(Clone) - 28/12/2021 21:20:49
GorillaFit: Parented watch to: hand.L - 28/12/2021 21:20:49
GorillaFit: Watch has been loaded - 28/12/2021 21:20:49
GorillaFit: Added the Watch component - 28/12/2021 21:20:49
GorillaFit: Shortcode: 899463 - 28/12/2021 21:20:49